<?xml version="1.0" encoding="UTF-8"?>
<testsuite xmlns:xsi="http://www.w3.org/2001/XMLSchema-instance" xsi:noNamespaceSchemaLocation="https://maven.apache.org/surefire/maven-surefire-plugin/xsd/surefire-test-report-3.0.xsd" version="3.0" name="jeopardy_game.GameBoardTest" time="0.009" tests="4" errors="0" skipped="0" failures="0">
  <properties>
[...]
</properties>
  <testcase name="markQuestionSetsAnswered" classname="jeopardy_game.GameBoardTest" time="0.005"/>
  <testcase name="markQuestionSetsAnswered" classname="jeopardy_game.GameBoardTest" time="0.001"/>
  <testcase name="getQuestionDelegatesToGameData" classname="jeopardy_game.GameBoardTest" time="0.002"/>
  <testcase name="getQuestionDelegatesToGameData" classname="jeopardy_game.GameBoardTest" time="0.001"/>
  <testcase name="allQuestionsAnswered_behaviorDocumented" classname="jeopardy_game.GameBoardTest" time="0.002"/>
  <testcase name="allQuestionsAnswered_behaviorDocumented" classname="jeopardy_game.GameBoardTest" time="0.001"/>
  <testcase name="displayBoardDoesNotThrowWhenCategoriesNull" classname="jeopardy_game.GameBoardTest" time="0.003">
    <system-out><![CDATA[Jeopardy Game Board:


]]></system-out>
    <system-err><![CDATA[Error displaying game board: Cannot invoke "java.util.List.iterator()" because the return value of "jeopardy_game.GameData.getCategories()" is null
]]></system-err>
  </testcase>
  <testcase name="displayBoardDoesNotThrowWhenCategoriesNull" classname="jeopardy_game.GameBoardTest" time="0.001">
    <system-out><![CDATA[Jeopardy Game Board:


]]></system-out>
    <system-err><![CDATA[Error displaying game board: Cannot invoke "java.util.List.iterator()" because the return value of "jeopardy_game.GameData.getCategories()" is null
]]></system-err>
  </testcase>
</testsuite>